<?xml version="1.0" encoding="UTF-8"?>
<!-- Generated by org.testng.reporters.JUnitReportReporter -->
<testsuite hostname="DESKTOP-HE4QSM0" name="testCases.VerifyLoginPage" tests="1" failures="0" timestamp="14 May 2017 04:01:32 GMT" time="22.497" errors="0">
  <testcase name="testLoginPage" time="22.497" classname="testCases.VerifyLoginPage"/>
</testsuite> <!-- testCases.VerifyLoginPage -->
