<?xml version="1.0" encoding="UTF-8"?>
<!-- Generated by org.testng.reporters.JUnitReportReporter -->
<testsuite hostname="sandeep-PC" name="testCases.VerifyLoginPageWithReports" tests="1" failures="0" timestamp="11 May 2017 19:30:06 GMT" time="36.383" errors="0">
  <testcase name="testLoginPage" time="36.383" classname="testCases.VerifyLoginPageWithReports"/>
</testsuite> <!-- testCases.VerifyLoginPageWithReports -->
