<?xml version="1.0" encoding="UTF-8"?>
<!-- Generated by org.testng.reporters.JUnitReportReporter -->
<testsuite hostname="DESKTOP-HE4QSM0" name="testCases.VerifyHomePage" tests="1" failures="0" timestamp="14 May 2017 04:01:32 GMT" time="15.855" errors="0">
  <testcase name="testHomePage" time="15.855" classname="testCases.VerifyHomePage"/>
</testsuite> <!-- testCases.VerifyHomePage -->
