<?xml version="1.0" encoding="UTF-8"?>
<!-- Generated by org.testng.reporters.JUnitReportReporter -->
<testsuite hostname="sandeep-PC" name="testCases.VerifyLoginPage" tests="1" failures="0" timestamp="9 Feb 2017 03:41:32 GMT" time="28.765" errors="0">
  <testcase name="testLoginPage" time="28.765" classname="testCases.VerifyLoginPage"/>
</testsuite> <!-- testCases.VerifyLoginPage -->
