<?xml version="1.0" encoding="UTF-8"?>
<!-- Generated by org.testng.reporters.JUnitReportReporter -->
<testsuite hostname="sandeep-PC" name="testCases.VerifyHomePage" tests="1" failures="0" timestamp="9 Feb 2017 03:41:32 GMT" time="25.952" errors="0">
  <testcase name="testHomePage" time="25.952" classname="testCases.VerifyHomePage"/>
</testsuite> <!-- testCases.VerifyHomePage -->
